<?xml version="1.0" encoding="UTF-8"?>
<!-- Generated by org.testng.reporters.JUnitReportReporter -->
<testsuite hostname="darkstar" failures="0" tests="1" name="LoginTest" time="0.487" errors="0" timestamp="2022-12-10T00:14:41 EET" skipped="0">
  <testcase classname="LoginTest" name="loginPage" time="0.487"/>
  <system-out/>
</testsuite> <!-- LoginTest -->
