<?xml version="1.0" encoding="UTF-8"?>
<!-- Generated by org.testng.reporters.JUnitReportReporter -->
<testsuite hostname="darkstar" failures="0" tests="2" name="SortingTest" time="0.517" errors="0" timestamp="2022-12-10T00:14:41 EET" skipped="0">
  <testcase classname="SortingTest" name="SortingMenuExist" time="0.026"/>
  <system-out/>
  <testcase classname="SortingTest" name="SortingMenu" time="0.491"/>
  <system-out/>
</testsuite> <!-- SortingTest -->
